<?xml version="1.0" encoding="UTF-8"?>
<!-- Generated by org.testng.reporters.JUnitReportReporter -->
<testsuite skipped="0" hostname="LAPTOP-UOJNOK0D" name="com.herokuapp.theinternet.PositiveTests" tests="1" failures="0" timestamp="2022-05-06T12:12:09 CDT" time="12.134" errors="0">
  <testcase name="loginTest" time="12.134" classname="com.herokuapp.theinternet.PositiveTests"/>
  <system-out/>
</testsuite> <!-- com.herokuapp.theinternet.PositiveTests -->
