<?xml version="1.0" encoding="UTF-8"?>
<!-- Generated by org.testng.reporters.JUnitReportReporter -->
<testsuite skipped="0" hostname="LAPTOP-UOJNOK0D" name="com.herokuapp.theinternet.NegativeTest" tests="2" failures="0" timestamp="2022-05-08T15:24:36 CDT" time="15.916" errors="0">
  <testcase name="negativeLoginTest" time="9.893" classname="com.herokuapp.theinternet.NegativeTest"/>
  <system-out/>
  <testcase name="negativeLoginTest" time="6.023" classname="com.herokuapp.theinternet.NegativeTest"/>
  <system-out/>
</testsuite> <!-- com.herokuapp.theinternet.NegativeTest -->
