<?xml version="1.0" encoding="UTF-8"?>
<!-- Generated by org.testng.reporters.JUnitReportReporter -->
<testsuite skipped="0" hostname="LAPTOP-UOJNOK0D" name="com.herokuapp.theinternet.LoginTests" tests="3" failures="0" timestamp="2022-05-09T10:11:35 CDT" time="26.330" errors="0">
  <testcase name="positiveLoginTest" time="14.419" classname="com.herokuapp.theinternet.LoginTests"/>
  <system-out/>
  <testcase name="negativeLoginTest" time="6.041" classname="com.herokuapp.theinternet.LoginTests"/>
  <system-out/>
  <testcase name="negativeLoginTest" time="5.870" classname="com.herokuapp.theinternet.LoginTests"/>
  <system-out/>
</testsuite> <!-- com.herokuapp.theinternet.LoginTests -->
