<?xml version="1.0" encoding="UTF-8"?>
<!-- Generated by org.testng.reporters.JUnitReportReporter -->
<testsuite skipped="0" hostname="LAPTOP-UOJNOK0D" name="com.herokuapp.theinternet.PositiveTests" tests="1" failures="0" timestamp="2022-05-08T15:23:22 CDT" time="14.779" errors="0">
  <testcase name="loginTest" time="14.779" classname="com.herokuapp.theinternet.PositiveTests"/>
  <system-out/>
</testsuite> <!-- com.herokuapp.theinternet.PositiveTests -->
